INFO 2025-06-30 17:33:31,523 autoreload 19508 13652 Watching for file changes with StatReloader
INFO 2025-06-30 17:44:27,616 autoreload 19040 19924 Watching for file changes with StatReloader
INFO 2025-06-30 17:44:43,969 autoreload 20444 2548 Watching for file changes with StatReloader
INFO 2025-06-30 18:30:07,316 autoreload 12168 18564 Watching for file changes with StatReloader
INFO 2025-06-30 18:30:30,412 autoreload 12168 18564 C:\ecoTrajet\EcoTrajet\EcoTrajet\settings.py changed, reloading.
INFO 2025-06-30 18:30:31,073 autoreload 20840 8700 Watching for file changes with StatReloader
INFO 2025-06-30 18:30:40,084 autoreload 5028 11360 Watching for file changes with StatReloader
INFO 2025-06-30 18:36:43,842 autoreload 19100 16968 Watching for file changes with StatReloader
INFO 2025-06-30 18:38:00,852 autoreload 19100 16968 C:\ecoTrajet\EcoTrajet\user_management\views.py changed, reloading.
INFO 2025-06-30 18:38:02,297 autoreload 19852 17860 Watching for file changes with StatReloader
INFO 2025-06-30 18:38:11,962 autoreload 18256 1704 Watching for file changes with StatReloader
INFO 2025-06-30 18:38:44,835 autoreload 17544 18732 Watching for file changes with StatReloader
INFO 2025-06-30 18:40:38,621 autoreload 19272 17976 Watching for file changes with StatReloader
INFO 2025-06-30 18:40:55,371 autoreload 19272 17976 C:\ecoTrajet\EcoTrajet\EcoTrajet\settings.py changed, reloading.
INFO 2025-06-30 18:40:56,156 autoreload 3548 19176 Watching for file changes with StatReloader
INFO 2025-06-30 19:04:02,759 autoreload 1908 18912 Watching for file changes with StatReloader
INFO 2025-06-30 19:04:21,225 autoreload 16356 15124 Watching for file changes with StatReloader
INFO 2025-06-30 19:05:28,548 autoreload 16356 15124 C:\ecoTrajet\EcoTrajet\api\urls.py changed, reloading.
INFO 2025-06-30 19:05:29,107 autoreload 360 11364 Watching for file changes with StatReloader
INFO 2025-06-30 19:05:34,601 autoreload 360 11364 C:\ecoTrajet\EcoTrajet\api\urls.py changed, reloading.
INFO 2025-06-30 19:05:35,231 autoreload 18220 10508 Watching for file changes with StatReloader
INFO 2025-06-30 19:05:39,683 autoreload 18036 11448 Watching for file changes with StatReloader
INFO 2025-06-30 19:05:54,559 autoreload 18036 11448 C:\ecoTrajet\EcoTrajet\api\urls.py changed, reloading.
INFO 2025-06-30 19:05:55,144 autoreload 20512 21088 Watching for file changes with StatReloader
INFO 2025-06-30 19:05:58,501 autoreload 20512 21088 C:\ecoTrajet\EcoTrajet\api\urls.py changed, reloading.
INFO 2025-06-30 19:05:59,043 autoreload 14748 19828 Watching for file changes with StatReloader
INFO 2025-06-30 19:06:00,420 autoreload 14748 19828 C:\ecoTrajet\EcoTrajet\api\urls.py changed, reloading.
INFO 2025-06-30 19:06:00,961 autoreload 19824 20760 Watching for file changes with StatReloader
INFO 2025-06-30 19:06:02,206 autoreload 19824 20760 C:\ecoTrajet\EcoTrajet\api\urls.py changed, reloading.
INFO 2025-06-30 19:06:02,730 autoreload 21304 19544 Watching for file changes with StatReloader
INFO 2025-06-30 19:06:21,118 autoreload 13760 20976 Watching for file changes with StatReloader
INFO 2025-06-30 19:06:40,162 autoreload 13760 20976 C:\ecoTrajet\EcoTrajet\api\urls.py changed, reloading.
INFO 2025-06-30 19:06:40,735 autoreload 16252 16144 Watching for file changes with StatReloader
INFO 2025-06-30 19:07:21,446 autoreload 16344 17428 Watching for file changes with StatReloader
INFO 2025-06-30 19:07:49,822 autoreload 19760 6220 Watching for file changes with StatReloader
INFO 2025-06-30 19:08:00,559 autoreload 19760 6220 C:\ecoTrajet\EcoTrajet\user_management\views.py changed, reloading.
INFO 2025-06-30 19:08:01,333 autoreload 6464 20200 Watching for file changes with StatReloader
INFO 2025-06-30 19:09:36,813 autoreload 20468 16392 Watching for file changes with StatReloader
INFO 2025-06-30 19:10:53,297 autoreload 20468 16392 C:\ecoTrajet\EcoTrajet\api\urls.py changed, reloading.
INFO 2025-06-30 19:10:54,650 autoreload 16356 21400 Watching for file changes with StatReloader
INFO 2025-06-30 19:11:06,847 autoreload 4016 1704 Watching for file changes with StatReloader
INFO 2025-06-30 21:33:36,165 autoreload 15036 20720 Watching for file changes with StatReloader
WARNING 2025-06-30 21:33:39,203 log 15036 8808 Not Found: /
WARNING 2025-06-30 21:33:39,204 basehttp 15036 8808 "GET / HTTP/1.1" 404 4381
INFO 2025-06-30 21:33:46,897 basehttp 15036 8692 code 400, message Bad HTTP/0.9 request type ('\x16\x03\x01\x06')
ERROR 2025-06-30 21:33:46,898 basehttp 15036 8692 You're accessing the development server over HTTPS, but it only supports HTTP.
INFO 2025-06-30 21:33:46,900 basehttp 15036 19472 code 400, message Bad request version ('zz\x13\x01\x13\x02\x13\x03À+À/À,À0Ì©Ì¨À\x13À\x14\x00\x9c\x00\x9d\x00/\x005\x01\x00\x06sjj\x00\x00\x00+\x00\x07\x06**\x03\x04\x03\x03\x00')
ERROR 2025-06-30 21:33:46,902 basehttp 15036 19472 You're accessing the development server over HTTPS, but it only supports HTTP.
INFO 2025-06-30 21:33:54,397 basehttp 15036 5892 code 400, message Bad request version ('a¦@t\x94~x')
ERROR 2025-06-30 21:33:54,399 basehttp 15036 5892 You're accessing the development server over HTTPS, but it only supports HTTP.
INFO 2025-06-30 21:33:54,401 basehttp 15036 14972 code 400, message Bad HTTP/0.9 request type ('\x16\x03\x01\x06')
ERROR 2025-06-30 21:33:54,401 basehttp 15036 14972 You're accessing the development server over HTTPS, but it only supports HTTP.
INFO 2025-06-30 21:33:58,065 basehttp 15036 10692 code 400, message Bad request version ('ä_Ü#¼\x94É\x97')
ERROR 2025-06-30 21:33:58,080 basehttp 15036 10692 You're accessing the development server over HTTPS, but it only supports HTTP.
INFO 2025-06-30 21:33:58,082 basehttp 15036 8660 code 400, message Bad request version ('9dX\x10Ë@')
ERROR 2025-06-30 21:33:58,082 basehttp 15036 8660 You're accessing the development server over HTTPS, but it only supports HTTP.
INFO 2025-06-30 21:34:04,786 basehttp 15036 9208 code 400, message Bad request syntax ('\x16\x03\x01\x07\x00\x01\x00\x06ü\x03\x03oú]P¹êÌïÞúOfÉ#DÐ\x8e')
ERROR 2025-06-30 21:34:04,786 basehttp 15036 9208 You're accessing the development server over HTTPS, but it only supports HTTP.
INFO 2025-06-30 21:34:04,789 basehttp 15036 21204 code 400, message Bad request version ('zz\x13\x01\x13\x02\x13\x03À+À/À,À0Ì©Ì¨À\x13À\x14\x00\x9c\x00\x9d\x00/\x005\x01\x00\x06S\x8a\x8a\x00\x00\x00')
ERROR 2025-06-30 21:34:04,789 basehttp 15036 21204 You're accessing the development server over HTTPS, but it only supports HTTP.
INFO 2025-06-30 21:34:06,901 basehttp 15036 18252 code 400, message Bad request version ('ªª\x13\x01\x13\x02\x13\x03À+À/À,À0Ì©Ì¨À\x13À\x14\x00\x9c\x00\x9d\x00/\x005\x01\x00\x06SÊÊ\x00\x00\x00')
ERROR 2025-06-30 21:34:06,901 basehttp 15036 18252 You're accessing the development server over HTTPS, but it only supports HTTP.
INFO 2025-06-30 21:34:06,903 basehttp 15036 7724 code 400, message Bad request syntax ('\x16\x03\x01\x06À\x01\x00\x06¼\x03\x03Q}\x92s\x03ÂÇðjlà\x8d')
ERROR 2025-06-30 21:34:06,903 basehttp 15036 7724 You're accessing the development server over HTTPS, but it only supports HTTP.
INFO 2025-06-30 21:34:08,562 basehttp 15036 5148 code 400, message Bad request version ('Ü\x87«\x86´¬¯¤bs5#é')
ERROR 2025-06-30 21:34:08,563 basehttp 15036 5148 You're accessing the development server over HTTPS, but it only supports HTTP.
INFO 2025-06-30 21:34:08,565 basehttp 15036 14276 code 400, message Bad request version ('¾')
ERROR 2025-06-30 21:34:08,565 basehttp 15036 14276 You're accessing the development server over HTTPS, but it only supports HTTP.
INFO 2025-06-30 21:34:17,743 basehttp 15036 2996 "GET /admin/ HTTP/1.1" 302 0
INFO 2025-06-30 21:34:17,893 basehttp 15036 2996 "GET /admin/login/?next=/admin/ HTTP/1.1" 200 4170
INFO 2025-06-30 21:34:17,944 basehttp 15036 2996 "GET /static/admin/css/base.css HTTP/1.1" 304 0
INFO 2025-06-30 21:34:17,956 basehttp 15036 16768 "GET /static/admin/css/dark_mode.css HTTP/1.1" 304 0
INFO 2025-06-30 21:34:17,959 basehttp 15036 19472 "GET /static/admin/css/responsive.css HTTP/1.1" 304 0
INFO 2025-06-30 21:34:17,959 basehttp 15036 8692 "GET /static/admin/css/nav_sidebar.css HTTP/1.1" 304 0
INFO 2025-06-30 21:34:17,961 basehttp 15036 3124 "GET /static/admin/js/theme.js HTTP/1.1" 304 0
INFO 2025-06-30 21:34:17,970 basehttp 15036 3124 "GET /static/admin/js/nav_sidebar.js HTTP/1.1" 304 0
INFO 2025-06-30 21:34:18,064 basehttp 15036 2996 "GET /static/admin/css/login.css HTTP/1.1" 200 951
INFO 2025-06-30 21:34:26,157 basehttp 15036 8224 "GET /trips/ HTTP/1.1" 200 52
WARNING 2025-06-30 21:35:15,367 log 15036 18784 Unauthorized: /reservations/
WARNING 2025-06-30 21:35:15,373 basehttp 15036 18784 "GET /reservations/ HTTP/1.1" 401 58
INFO 2025-06-30 21:37:28,023 basehttp 15036 17824 "GET /admin/ HTTP/1.1" 302 0
INFO 2025-06-30 21:37:28,082 basehttp 15036 17824 "GET /admin/login/?next=/admin/ HTTP/1.1" 200 4170
INFO 2025-06-30 21:37:32,570 basehttp 15036 21292 "POST /admin/login/?next=/admin/ HTTP/1.1" 200 4335
INFO 2025-06-30 21:37:38,461 basehttp 15036 10768 "POST /admin/login/?next=/admin/ HTTP/1.1" 200 4335
INFO 2025-06-30 21:37:47,206 basehttp 15036 19812 "POST /admin/login/?next=/admin/ HTTP/1.1" 200 4339
INFO 2025-06-30 21:37:53,071 basehttp 15036 14776 "POST /admin/login/?next=/admin/ HTTP/1.1" 302 0
INFO 2025-06-30 21:37:53,217 basehttp 15036 14776 "GET /admin/ HTTP/1.1" 200 8468
INFO 2025-06-30 21:37:53,272 basehttp 15036 18516 "GET /static/admin/img/icon-addlink.svg HTTP/1.1" 304 0
INFO 2025-06-30 21:37:53,272 basehttp 15036 14776 "GET /static/admin/css/dashboard.css HTTP/1.1" 304 0
INFO 2025-06-30 21:37:53,274 basehttp 15036 18304 "GET /static/admin/img/icon-changelink.svg HTTP/1.1" 304 0
INFO 2025-06-30 21:38:23,004 basehttp 15036 19040 "GET /reservations/ HTTP/1.1" 200 52
INFO 2025-06-30 21:38:33,342 basehttp 15036 20048 "GET /admin/auth/group/ HTTP/1.1" 200 9662
INFO 2025-06-30 21:38:33,390 basehttp 15036 20048 "GET /static/admin/css/changelists.css HTTP/1.1" 304 0
INFO 2025-06-30 21:38:33,410 basehttp 15036 21408 "GET /static/admin/js/jquery.init.js HTTP/1.1" 304 0
INFO 2025-06-30 21:38:33,426 basehttp 15036 7672 "GET /static/admin/js/admin/RelatedObjectLookups.js HTTP/1.1" 304 0
INFO 2025-06-30 21:38:33,426 basehttp 15036 16964 "GET /static/admin/js/actions.js HTTP/1.1" 304 0
INFO 2025-06-30 21:38:33,427 basehttp 15036 20364 "GET /static/admin/js/core.js HTTP/1.1" 304 0
INFO 2025-06-30 21:38:33,433 basehttp 15036 7672 "GET /static/admin/js/prepopulate.js HTTP/1.1" 304 0
INFO 2025-06-30 21:38:33,433 basehttp 15036 20364 "GET /static/admin/img/search.svg HTTP/1.1" 304 0
INFO 2025-06-30 21:38:33,439 basehttp 15036 21408 "GET /static/admin/js/urlify.js HTTP/1.1" 304 0
INFO 2025-06-30 21:38:33,500 basehttp 15036 20048 "GET /admin/jsi18n/ HTTP/1.1" 200 3342
INFO 2025-06-30 21:38:33,526 basehttp 15036 9504 "GET /static/admin/js/vendor/jquery/jquery.js HTTP/1.1" 304 0
INFO 2025-06-30 21:38:33,542 basehttp 15036 9504 "GET /static/admin/js/filters.js HTTP/1.1" 304 0
INFO 2025-06-30 21:38:33,565 basehttp 15036 16964 "GET /static/admin/js/vendor/xregexp/xregexp.js HTTP/1.1" 304 0
INFO 2025-06-30 21:38:33,599 basehttp 15036 16964 "GET /static/admin/img/tooltag-add.svg HTTP/1.1" 304 0
INFO 2025-06-30 21:38:38,562 basehttp 15036 14500 "GET /admin/authtoken/tokenproxy/ HTTP/1.1" 200 9734
WARNING 2025-06-30 21:38:45,263 log 15036 6844 Not Found: /api-auth/login/
WARNING 2025-06-30 21:38:45,264 basehttp 15036 6844 "GET /api-auth/login/ HTTP/1.1" 404 4444
INFO 2025-06-30 21:40:16,975 autoreload 15036 20720 C:\ecoTrajet\EcoTrajet\EcoTrajet\urls.py changed, reloading.
INFO 2025-06-30 21:40:21,437 autoreload 12960 18444 Watching for file changes with StatReloader
INFO 2025-06-30 21:40:52,765 autoreload 12960 18444 C:\ecoTrajet\EcoTrajet\api\urls.py changed, reloading.
INFO 2025-06-30 21:40:53,950 autoreload 4452 17600 Watching for file changes with StatReloader
INFO 2025-06-30 21:40:55,654 autoreload 4452 17600 C:\ecoTrajet\EcoTrajet\api\urls.py changed, reloading.
INFO 2025-06-30 21:40:56,564 autoreload 15648 17232 Watching for file changes with StatReloader
INFO 2025-06-30 21:40:58,521 autoreload 15648 17232 C:\ecoTrajet\EcoTrajet\api\urls.py changed, reloading.
INFO 2025-06-30 21:40:59,299 autoreload 19216 13956 Watching for file changes with StatReloader
WARNING 2025-06-30 21:41:20,168 log 19216 18084 Not Found: /api/auth/token/
WARNING 2025-06-30 21:41:20,169 basehttp 19216 18084 "GET /api/auth/token/ HTTP/1.1" 404 6878
INFO 2025-06-30 21:41:28,681 basehttp 19216 20184 code 400, message Bad request version ('\x9aÌ~úçáº.PîÙ<DôäíZV\x9abj´')
ERROR 2025-06-30 21:41:28,683 basehttp 19216 20184 You're accessing the development server over HTTPS, but it only supports HTTP.
INFO 2025-06-30 21:41:28,685 basehttp 19216 21008 code 400, message Bad request version ('Ø¶%-Æ¾=\x9a/ÒD')
ERROR 2025-06-30 21:41:28,685 basehttp 19216 21008 You're accessing the development server over HTTPS, but it only supports HTTP.
WARNING 2025-06-30 21:41:33,175 log 19216 12268 Not Found: /
WARNING 2025-06-30 21:41:33,176 basehttp 19216 12268 "GET / HTTP/1.1" 404 3847
INFO 2025-06-30 21:41:42,616 basehttp 19216 3260 "GET /reservations/ HTTP/1.1" 200 52
WARNING 2025-06-30 21:41:46,497 log 19216 3260 Not Found: /register/
WARNING 2025-06-30 21:41:46,499 basehttp 19216 3260 "GET /register/ HTTP/1.1" 404 3892
INFO 2025-06-30 21:42:34,306 autoreload 19216 13956 C:\ecoTrajet\EcoTrajet\EcoTrajet\urls.py changed, reloading.
INFO 2025-06-30 21:42:35,587 autoreload 18520 17556 Watching for file changes with StatReloader
INFO 2025-06-30 21:42:46,210 autoreload 18520 17556 C:\ecoTrajet\EcoTrajet\EcoTrajet\urls.py changed, reloading.
INFO 2025-06-30 21:42:46,846 autoreload 3784 20712 Watching for file changes with StatReloader
WARNING 2025-06-30 21:42:48,962 log 3784 19668 Not Found: /
WARNING 2025-06-30 21:42:48,963 basehttp 3784 19668 "GET / HTTP/1.1" 404 3847
INFO 2025-06-30 21:42:54,826 basehttp 3784 19812 code 400, message Bad request syntax ('\x16\x03\x01\x07\x00\x01\x00\x06ü\x03\x03£²áx½UDÕ')
ERROR 2025-06-30 21:42:54,828 basehttp 3784 19812 You're accessing the development server over HTTPS, but it only supports HTTP.
INFO 2025-06-30 21:42:54,830 basehttp 3784 13464 code 400, message Bad HTTP/0.9 request type ('\x16\x03\x01\x06')
ERROR 2025-06-30 21:42:54,831 basehttp 3784 13464 You're accessing the development server over HTTPS, but it only supports HTTP.
INFO 2025-06-30 21:42:56,534 basehttp 3784 4660 code 400, message Bad request version ('êê\x13\x01\x13\x02\x13\x03À+À/À,À0Ì©Ì¨À\x13À\x14\x00\x9c\x00\x9d\x00/\x005\x01\x00\x06sÊÊ\x00\x00\x00-\x00\x02\x01\x01\x00\x1b\x00\x03\x02\x00\x02DÍ\x00\x05\x00\x03\x02h2\x00')
ERROR 2025-06-30 21:42:56,534 basehttp 3784 4660 You're accessing the development server over HTTPS, but it only supports HTTP.
INFO 2025-06-30 21:42:56,537 basehttp 3784 3176 code 400, message Bad request version ('0Ö\x94óÖ\x9f\x7fVP\x0fw\x9e`!EA')
ERROR 2025-06-30 21:42:56,537 basehttp 3784 3176 You're accessing the development server over HTTPS, but it only supports HTTP.
WARNING 2025-06-30 21:43:11,880 log 3784 20880 Method Not Allowed: /api/auth/token/
WARNING 2025-06-30 21:43:11,892 basehttp 3784 20880 "GET /api/auth/token/ HTTP/1.1" 405 40
INFO 2025-06-30 21:43:24,116 basehttp 3784 144 "GET /api/reservations/ HTTP/1.1" 200 52
WARNING 2025-06-30 21:43:48,127 log 3784 8456 Not Found: /api/auth
WARNING 2025-06-30 21:43:48,129 basehttp 3784 8456 "GET /api/auth HTTP/1.1" 404 5150
INFO 2025-06-30 21:43:52,450 basehttp 3784 8456 "GET /api/auth/register HTTP/1.1" 301 0
WARNING 2025-06-30 21:43:52,580 log 3784 12648 Method Not Allowed: /api/auth/register/
WARNING 2025-06-30 21:43:52,581 basehttp 3784 12648 "GET /api/auth/register/ HTTP/1.1" 405 40
INFO 2025-06-30 21:47:19,427 autoreload 2856 16836 Watching for file changes with StatReloader
WARNING 2025-06-30 21:47:28,255 log 2856 2920 Not Found: /
WARNING 2025-06-30 21:47:28,256 basehttp 2856 2920 "GET / HTTP/1.1" 404 3847
WARNING 2025-06-30 21:47:31,758 log 2856 14676 Method Not Allowed: /api/auth/register/
WARNING 2025-06-30 21:47:31,759 basehttp 2856 14676 "GET /api/auth/register/ HTTP/1.1" 405 40
INFO 2025-06-30 21:51:47,746 autoreload 868 1224 Watching for file changes with StatReloader
WARNING 2025-06-30 21:51:49,991 log 868 4680 Not Found: /token
WARNING 2025-06-30 21:51:49,994 basehttp 868 4680 "GET /token HTTP/1.1" 404 3880
WARNING 2025-06-30 21:51:51,991 log 868 4680 Not Found: /token
WARNING 2025-06-30 21:51:51,992 basehttp 868 4680 "GET /token HTTP/1.1" 404 3880
WARNING 2025-06-30 21:51:55,220 log 868 7560 Not Found: /token/
WARNING 2025-06-30 21:51:55,221 basehttp 868 7560 "GET /token/ HTTP/1.1" 404 3883
WARNING 2025-06-30 21:52:14,720 log 868 4412 Method Not Allowed: /api/auth/token/
WARNING 2025-06-30 21:52:14,721 basehttp 868 4412 "GET /api/auth/token/ HTTP/1.1" 405 40
INFO 2025-06-30 21:52:30,766 autoreload 868 1224 C:\ecoTrajet\EcoTrajet\EcoTrajet\urls.py changed, reloading.
INFO 2025-06-30 21:52:31,843 autoreload 14516 18804 Watching for file changes with StatReloader
WARNING 2025-06-30 21:52:38,112 log 14516 20872 Method Not Allowed: /auth/token/
WARNING 2025-06-30 21:52:38,114 basehttp 14516 20872 "GET /auth/token/ HTTP/1.1" 405 40
INFO 2025-06-30 21:54:05,323 autoreload 348 17192 Watching for file changes with StatReloader
WARNING 2025-06-30 21:55:50,867 log 348 5092 Not Found: /api/auth/token/
WARNING 2025-06-30 21:55:50,881 basehttp 348 5092 "POST /api/auth/token/ HTTP/1.1" 404 5168
INFO 2025-06-30 21:56:13,244 autoreload 348 17192 C:\ecoTrajet\EcoTrajet\EcoTrajet\urls.py changed, reloading.
INFO 2025-06-30 21:56:14,395 autoreload 18004 4028 Watching for file changes with StatReloader
ERROR 2025-06-30 21:56:17,118 log 18004 13672 Internal Server Error: /api/auth/token/
Traceback (most recent call last):
  File "C:\ecoTrajet\env\Lib\site-packages\django_redis\cache.py", line 29, in _decorator
    return method(self, *args, **kwargs)
  File "C:\ecoTrajet\env\Lib\site-packages\django_redis\cache.py", line 89, in add
    return self.client.add(*args, **kwargs)
           ~~~~~~~~~~~~~~~^^^^^^^^^^^^^^^^^
  File "C:\ecoTrajet\env\Lib\site-packages\django_redis\client\default.py", line 278, in add
    return self.set(key, value, timeout, version=version, client=client, nx=True)
           ~~~~~~~~^^^^^^^^^^^^^^^^^^^^^^^^^^^^^^^^^^^^^^^^^^^^^^^^^^^^^^^^^^^^^^
  File "C:\ecoTrajet\env\Lib\site-packages\django_redis\client\default.py", line 224, in set
    raise ConnectionInterrupted(connection=client) from e
django_redis.exceptions.ConnectionInterrupted: Redis ConnectionError: Error 10061 connecting to 127.0.0.1:6379. Aucune connexion n’a pu être établie car l’ordinateur cible l’a expressément refusée.

During handling of the above exception, another exception occurred:

Traceback (most recent call last):
  File "C:\ecoTrajet\env\Lib\site-packages\django\core\handlers\exception.py", line 55, in inner
    response = get_response(request)
  File "C:\ecoTrajet\env\Lib\site-packages\django\core\handlers\base.py", line 197, in _get_response
    response = wrapped_callback(request, *callback_args, **callback_kwargs)
  File "C:\ecoTrajet\env\Lib\site-packages\django\views\decorators\csrf.py", line 65, in _view_wrapper
    return view_func(request, *args, **kwargs)
  File "C:\ecoTrajet\env\Lib\site-packages\django\views\generic\base.py", line 105, in view
    return self.dispatch(request, *args, **kwargs)
           ~~~~~~~~~~~~~^^^^^^^^^^^^^^^^^^^^^^^^^^
  File "C:\ecoTrajet\env\Lib\site-packages\rest_framework\views.py", line 515, in dispatch
    response = self.handle_exception(exc)
  File "C:\ecoTrajet\env\Lib\site-packages\rest_framework\views.py", line 475, in handle_exception
    self.raise_uncaught_exception(exc)
    ~~~~~~~~~~~~~~~~~~~~~~~~~~~~~^^^^^
  File "C:\ecoTrajet\env\Lib\site-packages\rest_framework\views.py", line 486, in raise_uncaught_exception
    raise exc
  File "C:\ecoTrajet\env\Lib\site-packages\rest_framework\views.py", line 512, in dispatch
    response = handler(request, *args, **kwargs)
  File "C:\ecoTrajet\env\Lib\site-packages\django\utils\decorators.py", line 48, in _wrapper
    return bound_method(*args, **kwargs)
  File "C:\ecoTrajet\env\Lib\site-packages\django_ratelimit\decorators.py", line 19, in _wrapped
    ratelimited = is_ratelimited(request=request, group=group, fn=fn,
                                 key=key, rate=rate, method=method,
                                 increment=True)
  File "C:\ecoTrajet\env\Lib\site-packages\django_ratelimit\core.py", line 153, in is_ratelimited
    usage = get_usage(request, group, fn, key, rate, method, increment)
  File "C:\ecoTrajet\env\Lib\site-packages\django_ratelimit\core.py", line 231, in get_usage
    added = cache.add(cache_key, initial_value, period + EXPIRATION_FUDGE)
  File "C:\ecoTrajet\env\Lib\site-packages\django_redis\cache.py", line 36, in _decorator
    raise e.__cause__  # noqa: B904
    ^^^^^^^^^^^^^^^^^
  File "C:\ecoTrajet\env\Lib\site-packages\django_redis\client\default.py", line 214, in set
    return bool(client.set(nkey, nvalue, nx=nx, px=timeout, xx=xx))
                ~~~~~~~~~~^^^^^^^^^^^^^^^^^^^^^^^^^^^^^^^^^^^^^^^^
  File "C:\ecoTrajet\env\Lib\site-packages\redis\commands\core.py", line 2305, in set
    return self.execute_command("SET", *pieces, **options)
           ~~~~~~~~~~~~~~~~~~~~^^^^^^^^^^^^^^^^^^^^^^^^^^^
  File "C:\ecoTrajet\env\Lib\site-packages\redis\client.py", line 623, in execute_command
    return self._execute_command(*args, **options)
           ~~~~~~~~~~~~~~~~~~~~~^^^^^^^^^^^^^^^^^^
  File "C:\ecoTrajet\env\Lib\site-packages\redis\client.py", line 629, in _execute_command
    conn = self.connection or pool.get_connection()
                              ~~~~~~~~~~~~~~~~~~~^^
  File "C:\ecoTrajet\env\Lib\site-packages\redis\utils.py", line 191, in wrapper
    return func(*args, **kwargs)
  File "C:\ecoTrajet\env\Lib\site-packages\redis\connection.py", line 1530, in get_connection
    connection.connect()
    ~~~~~~~~~~~~~~~~~~^^
  File "C:\ecoTrajet\env\Lib\site-packages\redis\connection.py", line 379, in connect
    self.connect_check_health(check_health=True)
    ~~~~~~~~~~~~~~~~~~~~~~~~~^^^^^^^^^^^^^^^^^^^
  File "C:\ecoTrajet\env\Lib\site-packages\redis\connection.py", line 391, in connect_check_health
    raise ConnectionError(self._error_message(e))
redis.exceptions.ConnectionError: Error 10061 connecting to 127.0.0.1:6379. Aucune connexion n’a pu être établie car l’ordinateur cible l’a expressément refusée.
ERROR 2025-06-30 21:56:17,128 basehttp 18004 13672 "POST /api/auth/token/ HTTP/1.1" 500 178675
INFO 2025-06-30 21:56:17,129 basehttp 18004 13672 - Broken pipe from ('127.0.0.1', 51650)
INFO 2025-06-30 22:11:48,317 autoreload 8744 4184 Watching for file changes with StatReloader
WARNING 2025-06-30 22:11:57,937 log 8744 10236 Bad Request: /api/auth/token/
WARNING 2025-06-30 22:11:57,938 basehttp 8744 10236 "POST /api/auth/token/ HTTP/1.1" 400 37
WARNING 2025-06-30 22:13:34,831 log 8744 10236 Bad Request: /api/auth/token/
WARNING 2025-06-30 22:13:34,835 basehttp 8744 10236 "POST /api/auth/token/ HTTP/1.1" 400 37
INFO 2025-06-30 22:13:49,930 basehttp 8744 10236 "POST /api/auth/token/ HTTP/1.1" 200 672
INFO 2025-06-30 22:16:56,825 basehttp 8744 11544 "GET /api/trips/ HTTP/1.1" 200 52
INFO 2025-06-30 22:21:07,591 basehttp 8744 16076 "POST /api/trips/ HTTP/1.1" 201 253
INFO 2025-06-30 22:23:47,650 basehttp 8744 12192 "GET /api/trips/ HTTP/1.1" 200 191
WARNING 2025-06-30 22:23:47,900 log 8744 12192 Not Found: /favicon.ico
WARNING 2025-06-30 22:23:47,901 basehttp 8744 12192 "GET /favicon.ico HTTP/1.1" 404 3898
INFO 2025-06-30 22:24:08,442 basehttp 8744 19244 "GET /api/trips/ HTTP/1.1" 200 191
INFO 2025-06-30 22:29:22,151 autoreload 8744 4184 C:\ecoTrajet\EcoTrajet\EcoTrajet\settings.py changed, reloading.
INFO 2025-06-30 22:29:23,257 autoreload 15860 9188 Watching for file changes with StatReloader
INFO 2025-06-30 22:29:27,150 basehttp 15860 11644 "GET /api/trips/ HTTP/1.1" 200 13352
INFO 2025-06-30 22:29:27,200 basehttp 15860 11644 "GET /static/rest_framework/css/bootstrap.min.css HTTP/1.1" 304 0
INFO 2025-06-30 22:29:27,206 basehttp 15860 11688 "GET /static/rest_framework/css/bootstrap-tweaks.css HTTP/1.1" 304 0
INFO 2025-06-30 22:29:27,209 basehttp 15860 11644 "GET /static/rest_framework/js/csrf.js HTTP/1.1" 304 0
INFO 2025-06-30 22:29:27,212 basehttp 15860 10472 "GET /static/rest_framework/css/default.css HTTP/1.1" 304 0
INFO 2025-06-30 22:29:27,212 basehttp 15860 6768 "GET /static/rest_framework/css/prettify.css HTTP/1.1" 304 0
INFO 2025-06-30 22:29:27,216 basehttp 15860 7032 "GET /static/rest_framework/js/jquery-3.7.1.min.js HTTP/1.1" 304 0
INFO 2025-06-30 22:29:27,216 basehttp 15860 11688 "GET /static/rest_framework/js/bootstrap.min.js HTTP/1.1" 304 0
INFO 2025-06-30 22:29:27,217 basehttp 15860 10120 "GET /static/rest_framework/js/ajax-form.js HTTP/1.1" 304 0
INFO 2025-06-30 22:29:27,218 basehttp 15860 10472 "GET /static/rest_framework/js/default.js HTTP/1.1" 304 0
INFO 2025-06-30 22:29:27,219 basehttp 15860 6768 "GET /static/rest_framework/js/load-ajax-form.js HTTP/1.1" 304 0
INFO 2025-06-30 22:29:27,223 basehttp 15860 11644 "GET /static/rest_framework/js/prettify-min.js HTTP/1.1" 304 0
INFO 2025-06-30 22:29:27,240 basehttp 15860 11644 "GET /static/rest_framework/img/grid.png HTTP/1.1" 304 0
INFO 2025-06-30 22:29:27,334 basehttp 15860 11644 "GET /static/rest_framework/fonts/glyphicons-halflings-regular.woff2 HTTP/1.1" 200 18028
INFO 2025-06-30 22:29:37,019 basehttp 15860 11644 "GET /api/trips/1/ HTTP/1.1" 200 12486
INFO 2025-06-30 22:29:50,878 basehttp 15860 11644 "PUT /api/trips/1/ HTTP/1.1" 200 12375
ERROR 2025-06-30 22:29:58,117 basehttp 15860 9732 "GET /reservations/ HTTP/1.1" 500 240303
INFO 2025-06-30 23:27:50,935 autoreload 7468 16872 Watching for file changes with StatReloader
WARNING 2025-06-30 23:27:53,163 log 7468 2704 Not Found: /
WARNING 2025-06-30 23:27:53,165 basehttp 7468 2704 "GET / HTTP/1.1" 404 3847
WARNING 2025-06-30 23:27:58,298 log 7468 2704 Not Found: /atrips
WARNING 2025-06-30 23:27:58,302 basehttp 7468 2704 "GET /atrips HTTP/1.1" 404 3883
INFO 2025-06-30 23:28:02,063 basehttp 7468 15888 "GET /trips HTTP/1.1" 301 0
INFO 2025-06-30 23:28:02,261 basehttp 7468 18940 "GET /trips/ HTTP/1.1" 200 13264
INFO 2025-06-30 23:28:02,422 basehttp 7468 18940 "GET /static/rest_framework/fonts/glyphicons-halflings-regular.woff2 HTTP/1.1" 200 18028
ERROR 2025-06-30 23:28:08,567 basehttp 7468 18940 "GET /reservations/ HTTP/1.1" 500 240303
WARNING 2025-06-30 23:28:15,383 log 7468 15476 Not Found: /regiter
WARNING 2025-06-30 23:28:15,386 basehttp 7468 15476 "GET /regiter HTTP/1.1" 404 3886
INFO 2025-06-30 23:28:18,379 basehttp 7468 11300 code 400, message Bad request version ('\x00\x02\x01\x00\x00-\x00\x02\x01\x01\x00')
ERROR 2025-06-30 23:28:18,380 basehttp 7468 11300 You're accessing the development server over HTTPS, but it only supports HTTP.
INFO 2025-06-30 23:28:18,382 basehttp 7468 11112 code 400, message Bad request version ('ÚÚ\x13\x01\x13\x02\x13\x03À+À/À,À0Ì©Ì¨À\x13À\x14\x00\x9c\x00\x9d\x00/\x005\x01\x00\x06\x93**\x00\x00ÿ\x01\x00\x01\x00\x00\x12\x00\x00\x00')
ERROR 2025-06-30 23:28:18,383 basehttp 7468 11112 You're accessing the development server over HTTPS, but it only supports HTTP.
INFO 2025-06-30 23:28:24,931 basehttp 7468 11424 code 400, message Bad request version ('Q\x06Ce')
ERROR 2025-06-30 23:28:24,931 basehttp 7468 11424 You're accessing the development server over HTTPS, but it only supports HTTP.
INFO 2025-06-30 23:28:24,933 basehttp 7468 20352 code 400, message Bad request version ('\x02h2\x08http/1.1\x00\x1b\x00\x03\x02\x00\x02\x00-\x00\x02\x01\x01\x00#\x00\x00\x00\x17\x00\x00ÿ\x01\x00\x01\x00\x00')
ERROR 2025-06-30 23:28:24,933 basehttp 7468 20352 You're accessing the development server over HTTPS, but it only supports HTTP.
INFO 2025-06-30 23:28:28,212 basehttp 7468 13644 code 400, message Bad request version ('\x00\x02\x01\x00\x00')
ERROR 2025-06-30 23:28:28,213 basehttp 7468 13644 You're accessing the development server over HTTPS, but it only supports HTTP.
INFO 2025-06-30 23:28:28,214 basehttp 7468 18680 code 400, message Bad request version ('\\¹\x12õ«\xadôK\x98<¡\x86\x1bB²Eá?~þçÍ)ü]r!')
ERROR 2025-06-30 23:28:28,215 basehttp 7468 18680 You're accessing the development server over HTTPS, but it only supports HTTP.
WARNING 2025-06-30 23:28:44,780 log 7468 17048 Not Found: /
WARNING 2025-06-30 23:28:44,781 basehttp 7468 17048 "GET / HTTP/1.1" 404 3847
INFO 2025-06-30 23:28:52,169 basehttp 7468 19784 "GET /api/auth/register HTTP/1.1" 301 0
WARNING 2025-06-30 23:28:52,300 log 7468 4512 Method Not Allowed: /api/auth/register/
WARNING 2025-06-30 23:28:52,301 basehttp 7468 4512 "GET /api/auth/register/ HTTP/1.1" 405 8900
WARNING 2025-06-30 23:29:02,302 log 7468 11128 Not Found: /api/auth/login
WARNING 2025-06-30 23:29:02,303 basehttp 7468 11128 "GET /api/auth/login HTTP/1.1" 404 7807
ERROR 2025-06-30 23:29:14,096 basehttp 7468 18604 "GET /api/reservations/ HTTP/1.1" 500 240419
INFO 2025-06-30 23:32:27,252 autoreload 7468 16872 C:\ecoTrajet\EcoTrajet\api\models.py changed, reloading.
INFO 2025-06-30 23:32:28,021 autoreload 13216 19656 Watching for file changes with StatReloader
INFO 2025-06-30 23:32:44,199 autoreload 13216 19656 C:\ecoTrajet\EcoTrajet\user_management\models.py changed, reloading.
INFO 2025-06-30 23:32:44,746 autoreload 19156 11128 Watching for file changes with StatReloader
INFO 2025-06-30 23:32:46,034 autoreload 19156 11128 C:\ecoTrajet\EcoTrajet\user_management\models.py changed, reloading.
INFO 2025-06-30 23:32:46,616 autoreload 5972 2996 Watching for file changes with StatReloader
ERROR 2025-06-30 23:33:01,476 basehttp 5972 9032 "GET /api/reservations/ HTTP/1.1" 500 240556
INFO 2025-06-30 23:33:16,291 autoreload 14352 1572 Watching for file changes with StatReloader
WARNING 2025-06-30 23:33:18,490 log 14352 2248 Not Found: /
WARNING 2025-06-30 23:33:18,492 basehttp 14352 2248 "GET / HTTP/1.1" 404 3847
ERROR 2025-06-30 23:33:22,506 basehttp 14352 2248 "GET /reservations/ HTTP/1.1" 500 240303
INFO 2025-06-30 23:34:48,646 autoreload 14352 1572 C:\ecoTrajet\EcoTrajet\api\models.py changed, reloading.
INFO 2025-06-30 23:34:49,553 autoreload 1484 6120 Watching for file changes with StatReloader
INFO 2025-06-30 23:34:51,560 basehttp 1484 2364 "GET /reservations/ HTTP/1.1" 200 12360
INFO 2025-06-30 23:35:08,263 basehttp 1484 18808 "POST /reservations/ HTTP/1.1" 201 10062
INFO 2025-06-30 23:35:17,111 basehttp 1484 8820 "GET /trips/ HTTP/1.1" 200 13264
WARNING 2025-06-30 23:35:26,980 log 1484 20256 Not Found: /trips/reservations
WARNING 2025-06-30 23:35:26,982 basehttp 1484 20256 "GET /trips/reservations HTTP/1.1" 404 3919
INFO 2025-06-30 23:35:41,756 basehttp 1484 5332 "GET /trips/1/reservations HTTP/1.1" 301 0
INFO 2025-06-30 23:35:41,934 basehttp 1484 13444 "GET /trips/1/reservations/ HTTP/1.1" 200 7796
WARNING 2025-07-01 01:16:39,680 log 18892 1708 Bad Request: /api/auth/token/
WARNING 2025-07-01 01:16:39,789 log 18892 1708 Unauthorized: /api/auth/token/refresh/
WARNING 2025-07-01 01:16:39,814 log 18892 1708 Unauthorized: /api/auth/logout/
WARNING 2025-07-01 01:16:39,837 log 18892 1708 Unauthorized: /api/auth/profile/
WARNING 2025-07-01 01:16:39,922 log 18892 1708 Bad Request: /api/auth/register/
WARNING 2025-07-01 01:16:40,006 log 18892 1708 Bad Request: /api/auth/verify-email/invalid-uid/some-token/
WARNING 2025-07-01 01:16:40,014 log 18892 1708 Bad Request: /api/auth/verify-email/OTk5OTk5/some-token/
WARNING 2025-07-01 01:16:40,162 log 18892 1708 Bad Request: /api/auth/password-reset/
WARNING 2025-07-01 01:16:40,260 log 18892 1708 Bad Request: /api/auth/password-reset/confirm/
WARNING 2025-07-01 01:16:40,266 log 18892 1708 Bad Request: /api/auth/password-reset/
WARNING 2025-07-01 01:16:40,271 log 18892 1708 Bad Request: /api/auth/password-reset/confirm/
WARNING 2025-07-01 01:16:40,481 log 18892 1708 Unauthorized: /api/auth/profile/
WARNING 2025-07-01 01:16:40,578 log 18892 1708 Unauthorized: /api/auth/change-password/
WARNING 2025-07-01 01:16:40,603 log 18892 1708 Unauthorized: /api/auth/activity/
WARNING 2025-07-01 01:16:40,622 log 18892 1708 Bad Request: /api/auth/register/
WARNING 2025-07-01 01:16:40,639 log 18892 1708 Bad Request: /api/auth/register/
WARNING 2025-07-01 01:16:40,683 log 18892 1708 Bad Request: /api/auth/register/
WARNING 2025-07-01 01:16:40,693 log 18892 1708 Bad Request: /api/auth/register/
WARNING 2025-07-01 01:16:40,726 log 18892 1708 Bad Request: /api/auth/register/
WARNING 2025-07-01 01:16:40,733 log 18892 1708 Bad Request: /api/auth/register/
WARNING 2025-07-01 01:16:40,744 log 18892 1708 Bad Request: /api/auth/register/
WARNING 2025-07-01 01:16:40,752 log 18892 1708 Bad Request: /api/auth/register/
WARNING 2025-07-01 01:16:40,761 log 18892 1708 Bad Request: /api/auth/register/
WARNING 2025-07-01 01:16:40,784 log 18892 1708 Forbidden: /api/auth/register/
WARNING 2025-07-01 01:16:40,901 log 18892 1708 Forbidden: /api/auth/register/
WARNING 2025-07-01 01:16:40,902 log 18892 1708 Forbidden: /api/auth/register/
WARNING 2025-07-01 01:16:40,903 log 18892 1708 Forbidden: /api/auth/register/
WARNING 2025-07-01 01:16:40,904 log 18892 1708 Forbidden: /api/auth/register/
WARNING 2025-07-01 01:16:40,904 log 18892 1708 Forbidden: /api/auth/register/
WARNING 2025-07-01 01:16:40,906 log 18892 1708 Forbidden: /api/auth/register/
WARNING 2025-07-01 01:16:40,907 log 18892 1708 Forbidden: /api/auth/register/
WARNING 2025-07-01 01:16:40,908 log 18892 1708 Forbidden: /api/auth/register/
WARNING 2025-07-01 01:16:40,913 log 18892 1708 Forbidden: /api/auth/register/
WARNING 2025-07-01 01:16:40,915 log 18892 1708 Forbidden: /api/auth/register/
WARNING 2025-07-01 01:16:40,916 log 18892 1708 Forbidden: /api/auth/register/
WARNING 2025-07-01 01:16:40,917 log 18892 1708 Forbidden: /api/auth/register/
WARNING 2025-07-01 01:16:40,918 log 18892 1708 Forbidden: /api/auth/register/
WARNING 2025-07-01 01:16:40,919 log 18892 1708 Forbidden: /api/auth/register/
WARNING 2025-07-01 01:16:40,920 log 18892 1708 Forbidden: /api/auth/register/
WARNING 2025-07-01 01:16:41,405 log 18892 1708 Bad Request: /api/auth/token/
WARNING 2025-07-01 01:16:42,177 log 18892 1708 Bad Request: /api/auth/token/
WARNING 2025-07-01 01:16:42,238 log 18892 1708 Forbidden: /api/auth/register/
WARNING 2025-07-01 01:16:42,306 log 18892 1708 Forbidden: /api/auth/register/
WARNING 2025-07-01 01:16:42,345 log 18892 1708 Unauthorized: /api/auth/profile/
WARNING 2025-07-01 01:16:42,486 log 18892 1708 Unauthorized: /api/auth/logout/
WARNING 2025-07-01 01:16:42,536 log 18892 1708 Bad Request: /api/auth/verify-email/invalid-uid/some-token/
INFO 2025-07-01 01:22:04,677 autoreload 1264 9656 Watching for file changes with StatReloader
WARNING 2025-07-01 01:22:07,067 log 1264 20312 Not Found: /
WARNING 2025-07-01 01:22:07,067 basehttp 1264 20312 "GET / HTTP/1.1" 404 3847
INFO 2025-07-01 01:22:30,345 basehttp 1264 16900 "GET /api/trips/ HTTP/1.1" 200 18124
INFO 2025-07-01 01:22:46,825 basehttp 1264 18680 "GET /api/reservations/ HTTP/1.1" 200 17826
INFO 2025-07-01 14:43:35,196 autoreload 13888 13632 Watching for file changes with StatReloader
INFO 2025-07-01 14:45:36,014 autoreload 13888 13632 C:\ecoTrajet\EcoTrajet\api\models.py changed, reloading.
INFO 2025-07-01 14:45:37,304 autoreload 8220 13456 Watching for file changes with StatReloader
INFO 2025-07-01 14:45:58,700 autoreload 22416 21908 Watching for file changes with StatReloader
INFO 2025-07-01 14:47:27,349 autoreload 22416 21908 C:\ecoTrajet\EcoTrajet\api\models.py changed, reloading.
INFO 2025-07-01 14:47:28,411 autoreload 21564 11740 Watching for file changes with StatReloader
INFO 2025-07-01 14:47:38,528 autoreload 21564 11740 C:\ecoTrajet\EcoTrajet\user_management\models.py changed, reloading.
INFO 2025-07-01 14:47:39,080 autoreload 22416 308 Watching for file changes with StatReloader
INFO 2025-07-01 14:48:11,091 autoreload 22416 308 C:\ecoTrajet\EcoTrajet\user_management\models.py changed, reloading.
INFO 2025-07-01 14:48:11,808 autoreload 11956 340 Watching for file changes with StatReloader
INFO 2025-07-01 14:48:59,472 autoreload 11956 340 C:\ecoTrajet\EcoTrajet\user_management\models.py changed, reloading.
INFO 2025-07-01 14:49:00,175 autoreload 16924 19016 Watching for file changes with StatReloader
INFO 2025-07-01 14:49:19,931 autoreload 16924 19016 C:\ecoTrajet\EcoTrajet\user_management\models.py changed, reloading.
INFO 2025-07-01 14:49:20,682 autoreload 21784 18684 Watching for file changes with StatReloader
INFO 2025-07-01 14:49:38,350 autoreload 21784 18684 C:\ecoTrajet\EcoTrajet\api\models.py changed, reloading.
INFO 2025-07-01 14:49:38,991 autoreload 2416 5700 Watching for file changes with StatReloader
INFO 2025-07-01 14:49:59,478 autoreload 2416 5700 C:\ecoTrajet\EcoTrajet\api\models.py changed, reloading.
INFO 2025-07-01 14:49:59,986 autoreload 10700 21420 Watching for file changes with StatReloader
INFO 2025-07-01 14:50:07,400 autoreload 10700 21420 C:\ecoTrajet\EcoTrajet\api\models.py changed, reloading.
INFO 2025-07-01 14:50:07,931 autoreload 12052 13108 Watching for file changes with StatReloader
INFO 2025-07-01 14:51:03,549 autoreload 12052 13108 C:\ecoTrajet\EcoTrajet\api\views.py changed, reloading.
INFO 2025-07-01 14:51:04,624 autoreload 10524 8652 Watching for file changes with StatReloader
INFO 2025-07-01 14:51:12,324 autoreload 10524 8652 C:\ecoTrajet\EcoTrajet\api\serializers.py changed, reloading.
INFO 2025-07-01 14:51:12,830 autoreload 4528 6492 Watching for file changes with StatReloader
INFO 2025-07-01 14:51:21,188 autoreload 15900 19788 Watching for file changes with StatReloader
INFO 2025-07-01 14:51:24,320 basehttp 15900 21780 "GET / HTTP/1.1" 200 10485
INFO 2025-07-01 14:51:25,084 basehttp 15900 21780 "GET /static/rest_framework/css/bootstrap.min.css HTTP/1.1" 200 121457
INFO 2025-07-01 14:51:25,102 basehttp 15900 21780 "GET /static/rest_framework/js/csrf.js HTTP/1.1" 200 1793
INFO 2025-07-01 14:51:25,111 basehttp 15900 21780 "GET /static/rest_framework/js/bootstrap.min.js HTTP/1.1" 200 39680
INFO 2025-07-01 14:51:25,153 basehttp 15900 21780 "GET /static/rest_framework/js/prettify-min.js HTTP/1.1" 200 13632
INFO 2025-07-01 14:51:25,190 basehttp 15900 3924 "GET /static/rest_framework/css/default.css HTTP/1.1" 200 1152
INFO 2025-07-01 14:51:25,200 basehttp 15900 3924 "GET /static/rest_framework/js/load-ajax-form.js HTTP/1.1" 200 59
INFO 2025-07-01 14:51:25,203 basehttp 15900 10108 "GET /static/rest_framework/js/jquery-3.7.1.min.js HTTP/1.1" 200 87533
INFO 2025-07-01 14:51:25,208 basehttp 15900 21780 "GET /static/rest_framework/js/default.js HTTP/1.1" 200 1268
INFO 2025-07-01 14:51:25,217 basehttp 15900 21936 "GET /static/rest_framework/css/prettify.css HTTP/1.1" 200 817
INFO 2025-07-01 14:51:25,218 basehttp 15900 20956 "GET /static/rest_framework/css/bootstrap-tweaks.css HTTP/1.1" 200 3426
INFO 2025-07-01 14:51:25,232 basehttp 15900 21420 "GET /static/rest_framework/js/ajax-form.js HTTP/1.1" 200 3796
INFO 2025-07-01 14:51:25,260 basehttp 15900 21420 "GET /static/rest_framework/img/grid.png HTTP/1.1" 200 1458
WARNING 2025-07-01 14:51:25,372 log 15900 21420 Not Found: /favicon.ico
WARNING 2025-07-01 14:51:25,373 basehttp 15900 21420 "GET /favicon.ico HTTP/1.1" 404 5545
INFO 2025-07-01 14:51:38,190 basehttp 15900 17416 "GET / HTTP/1.1" 200 10485
INFO 2025-07-01 14:51:40,808 basehttp 15900 17416 "OPTIONS / HTTP/1.1" 200 10889
INFO 2025-07-01 14:51:42,614 basehttp 15900 5216 "OPTIONS / HTTP/1.1" 200 10889
ERROR 2025-07-01 14:51:46,203 log 15900 5216 Internal Server Error: /trips/
Traceback (most recent call last):
  File "C:\ecoTrajet\env\Lib\site-packages\django\db\backends\utils.py", line 105, in _execute
    return self.cursor.execute(sql, params)
           ~~~~~~~~~~~~~~~~~~~^^^^^^^^^^^^^
psycopg2.errors.UndefinedColumn: ERREUR:  la colonne api_reservation.seats_reserved n'existe pas
LINE 1: ...ion"."passenger_id", "api_reservation"."trip_id", "api_reser...
                                                             ^


The above exception was the direct cause of the following exception:

Traceback (most recent call last):
  File "C:\ecoTrajet\env\Lib\site-packages\django\core\handlers\exception.py", line 55, in inner
    response = get_response(request)
  File "C:\ecoTrajet\env\Lib\site-packages\django\core\handlers\base.py", line 197, in _get_response
    response = wrapped_callback(request, *callback_args, **callback_kwargs)
  File "C:\ecoTrajet\env\Lib\site-packages\django\views\decorators\csrf.py", line 65, in _view_wrapper
    return view_func(request, *args, **kwargs)
  File "C:\ecoTrajet\env\Lib\site-packages\django\views\generic\base.py", line 105, in view
    return self.dispatch(request, *args, **kwargs)
           ~~~~~~~~~~~~~^^^^^^^^^^^^^^^^^^^^^^^^^^
  File "C:\ecoTrajet\env\Lib\site-packages\rest_framework\views.py", line 515, in dispatch
    response = self.handle_exception(exc)
  File "C:\ecoTrajet\env\Lib\site-packages\rest_framework\views.py", line 475, in handle_exception
    self.raise_uncaught_exception(exc)
    ~~~~~~~~~~~~~~~~~~~~~~~~~~~~~^^^^^
  File "C:\ecoTrajet\env\Lib\site-packages\rest_framework\views.py", line 486, in raise_uncaught_exception
    raise exc
  File "C:\ecoTrajet\env\Lib\site-packages\rest_framework\views.py", line 512, in dispatch
    response = handler(request, *args, **kwargs)
  File "C:\ecoTrajet\env\Lib\site-packages\rest_framework\generics.py", line 243, in get
    return self.list(request, *args, **kwargs)
           ~~~~~~~~~^^^^^^^^^^^^^^^^^^^^^^^^^^
  File "C:\ecoTrajet\env\Lib\site-packages\rest_framework\mixins.py", line 40, in list
    page = self.paginate_queryset(queryset)
  File "C:\ecoTrajet\env\Lib\site-packages\rest_framework\generics.py", line 175, in paginate_queryset
    return self.paginator.paginate_queryset(queryset, self.request, view=self)
           ~~~~~~~~~~~~~~~~~~~~~~~~~~~~~~~~^^^^^^^^^^^^^^^^^^^^^^^^^^^^^^^^^^^
  File "C:\ecoTrajet\env\Lib\site-packages\rest_framework\pagination.py", line 222, in paginate_queryset
    return list(self.page)
  File "C:\ecoTrajet\env\Lib\site-packages\django\core\paginator.py", line 191, in __len__
    return len(self.object_list)
  File "C:\ecoTrajet\env\Lib\site-packages\django\db\models\query.py", line 366, in __len__
    self._fetch_all()
    ~~~~~~~~~~~~~~~^^
  File "C:\ecoTrajet\env\Lib\site-packages\django\db\models\query.py", line 1951, in _fetch_all
    self._prefetch_related_objects()
    ~~~~~~~~~~~~~~~~~~~~~~~~~~~~~~^^
  File "C:\ecoTrajet\env\Lib\site-packages\django\db\models\query.py", line 1328, in _prefetch_related_objects
    prefetch_related_objects(self._result_cache, *self._prefetch_related_lookups)
    ~~~~~~~~~~~~~~~~~~~~~~~~^^^^^^^^^^^^^^^^^^^^^^^^^^^^^^^^^^^^^^^^^^^^^^^^^^^^^
  File "C:\ecoTrajet\env\Lib\site-packages\django\db\models\query.py", line 2397, in prefetch_related_objects
    obj_list, additional_lookups = prefetch_one_level(
                                   ~~~~~~~~~~~~~~~~~~^
        obj_to_fetch,
        ^^^^^^^^^^^^^
    ...<2 lines>...
        level,
        ^^^^^^
    )
    ^
  File "C:\ecoTrajet\env\Lib\site-packages\django\db\models\query.py", line 2561, in prefetch_one_level
    ) = prefetcher.get_prefetch_querysets(
        ~~~~~~~~~~~~~~~~~~~~~~~~~~~~~~~~~^
        instances, lookup.get_current_querysets(level)
        ^^^^^^^^^^^^^^^^^^^^^^^^^^^^^^^^^^^^^^^^^^^^^^
    )
    ^
  File "C:\ecoTrajet\env\Lib\site-packages\django\db\models\fields\related_descriptors.py", line 800, in get_prefetch_querysets
    for rel_obj in queryset:
                   ^^^^^^^^
  File "C:\ecoTrajet\env\Lib\site-packages\django\db\models\query.py", line 384, in __iter__
    self._fetch_all()
    ~~~~~~~~~~~~~~~^^
  File "C:\ecoTrajet\env\Lib\site-packages\django\db\models\query.py", line 1949, in _fetch_all
    self._result_cache = list(self._iterable_class(self))
                         ~~~~^^^^^^^^^^^^^^^^^^^^^^^^^^^^
  File "C:\ecoTrajet\env\Lib\site-packages\django\db\models\query.py", line 91, in __iter__
    results = compiler.execute_sql(
        chunked_fetch=self.chunked_fetch, chunk_size=self.chunk_size
    )
  File "C:\ecoTrajet\env\Lib\site-packages\django\db\models\sql\compiler.py", line 1623, in execute_sql
    cursor.execute(sql, params)
    ~~~~~~~~~~~~~~^^^^^^^^^^^^^
  File "C:\ecoTrajet\env\Lib\site-packages\django\db\backends\utils.py", line 122, in execute
    return super().execute(sql, params)
           ~~~~~~~~~~~~~~~^^^^^^^^^^^^^
  File "C:\ecoTrajet\env\Lib\site-packages\django\db\backends\utils.py", line 79, in execute
    return self._execute_with_wrappers(
           ~~~~~~~~~~~~~~~~~~~~~~~~~~~^
        sql, params, many=False, executor=self._execute
        ^^^^^^^^^^^^^^^^^^^^^^^^^^^^^^^^^^^^^^^^^^^^^^^
    )
    ^
  File "C:\ecoTrajet\env\Lib\site-packages\django\db\backends\utils.py", line 92, in _execute_with_wrappers
    return executor(sql, params, many, context)
  File "C:\ecoTrajet\env\Lib\site-packages\django\db\backends\utils.py", line 100, in _execute
    with self.db.wrap_database_errors:
         ^^^^^^^^^^^^^^^^^^^^^^^^^^^^
  File "C:\ecoTrajet\env\Lib\site-packages\django\db\utils.py", line 91, in __exit__
    raise dj_exc_value.with_traceback(traceback) from exc_value
  File "C:\ecoTrajet\env\Lib\site-packages\django\db\backends\utils.py", line 105, in _execute
    return self.cursor.execute(sql, params)
           ~~~~~~~~~~~~~~~~~~~^^^^^^^^^^^^^
django.db.utils.ProgrammingError: ERREUR:  la colonne api_reservation.seats_reserved n'existe pas
LINE 1: ...ion"."passenger_id", "api_reservation"."trip_id", "api_reser...
                                                             ^

ERROR 2025-07-01 14:51:46,226 basehttp 15900 5216 "GET /trips/ HTTP/1.1" 500 202364
INFO 2025-07-01 14:53:54,189 autoreload 15900 19788 C:\ecoTrajet\EcoTrajet\api\models.py changed, reloading.
INFO 2025-07-01 14:53:55,452 autoreload 22788 23344 Watching for file changes with StatReloader
ERROR 2025-07-01 14:54:20,248 log 22788 18348 Internal Server Error: /trips/
Traceback (most recent call last):
  File "C:\ecoTrajet\env\Lib\site-packages\django\db\backends\utils.py", line 105, in _execute
    return self.cursor.execute(sql, params)
           ~~~~~~~~~~~~~~~~~~~^^^^^^^^^^^^^
psycopg2.errors.UndefinedColumn: ERREUR:  la colonne api_reservation.status n'existe pas
LINE 1: ...ion"."trip_id", "api_reservation"."place_reserv", "api_reser...
                                                             ^
HINT:  Peut-être que vous souhaitiez référencer la colonne « api_reservation.statut ».


The above exception was the direct cause of the following exception:

Traceback (most recent call last):
  File "C:\ecoTrajet\env\Lib\site-packages\django\core\handlers\exception.py", line 55, in inner
    response = get_response(request)
  File "C:\ecoTrajet\env\Lib\site-packages\django\core\handlers\base.py", line 197, in _get_response
    response = wrapped_callback(request, *callback_args, **callback_kwargs)
  File "C:\ecoTrajet\env\Lib\site-packages\django\views\decorators\csrf.py", line 65, in _view_wrapper
    return view_func(request, *args, **kwargs)
  File "C:\ecoTrajet\env\Lib\site-packages\django\views\generic\base.py", line 105, in view
    return self.dispatch(request, *args, **kwargs)
           ~~~~~~~~~~~~~^^^^^^^^^^^^^^^^^^^^^^^^^^
  File "C:\ecoTrajet\env\Lib\site-packages\rest_framework\views.py", line 515, in dispatch
    response = self.handle_exception(exc)
  File "C:\ecoTrajet\env\Lib\site-packages\rest_framework\views.py", line 475, in handle_exception
    self.raise_uncaught_exception(exc)
    ~~~~~~~~~~~~~~~~~~~~~~~~~~~~~^^^^^
  File "C:\ecoTrajet\env\Lib\site-packages\rest_framework\views.py", line 486, in raise_uncaught_exception
    raise exc
  File "C:\ecoTrajet\env\Lib\site-packages\rest_framework\views.py", line 512, in dispatch
    response = handler(request, *args, **kwargs)
  File "C:\ecoTrajet\env\Lib\site-packages\rest_framework\generics.py", line 243, in get
    return self.list(request, *args, **kwargs)
           ~~~~~~~~~^^^^^^^^^^^^^^^^^^^^^^^^^^
  File "C:\ecoTrajet\env\Lib\site-packages\rest_framework\mixins.py", line 40, in list
    page = self.paginate_queryset(queryset)
  File "C:\ecoTrajet\env\Lib\site-packages\rest_framework\generics.py", line 175, in paginate_queryset
    return self.paginator.paginate_queryset(queryset, self.request, view=self)
           ~~~~~~~~~~~~~~~~~~~~~~~~~~~~~~~~^^^^^^^^^^^^^^^^^^^^^^^^^^^^^^^^^^^
  File "C:\ecoTrajet\env\Lib\site-packages\rest_framework\pagination.py", line 222, in paginate_queryset
    return list(self.page)
  File "C:\ecoTrajet\env\Lib\site-packages\django\core\paginator.py", line 191, in __len__
    return len(self.object_list)
  File "C:\ecoTrajet\env\Lib\site-packages\django\db\models\query.py", line 366, in __len__
    self._fetch_all()
    ~~~~~~~~~~~~~~~^^
  File "C:\ecoTrajet\env\Lib\site-packages\django\db\models\query.py", line 1951, in _fetch_all
    self._prefetch_related_objects()
    ~~~~~~~~~~~~~~~~~~~~~~~~~~~~~~^^
  File "C:\ecoTrajet\env\Lib\site-packages\django\db\models\query.py", line 1328, in _prefetch_related_objects
    prefetch_related_objects(self._result_cache, *self._prefetch_related_lookups)
    ~~~~~~~~~~~~~~~~~~~~~~~~^^^^^^^^^^^^^^^^^^^^^^^^^^^^^^^^^^^^^^^^^^^^^^^^^^^^^
  File "C:\ecoTrajet\env\Lib\site-packages\django\db\models\query.py", line 2397, in prefetch_related_objects
    obj_list, additional_lookups = prefetch_one_level(
                                   ~~~~~~~~~~~~~~~~~~^
        obj_to_fetch,
        ^^^^^^^^^^^^^
    ...<2 lines>...
        level,
        ^^^^^^
    )
    ^
  File "C:\ecoTrajet\env\Lib\site-packages\django\db\models\query.py", line 2561, in prefetch_one_level
    ) = prefetcher.get_prefetch_querysets(
        ~~~~~~~~~~~~~~~~~~~~~~~~~~~~~~~~~^
        instances, lookup.get_current_querysets(level)
        ^^^^^^^^^^^^^^^^^^^^^^^^^^^^^^^^^^^^^^^^^^^^^^
    )
    ^
  File "C:\ecoTrajet\env\Lib\site-packages\django\db\models\fields\related_descriptors.py", line 800, in get_prefetch_querysets
    for rel_obj in queryset:
                   ^^^^^^^^
  File "C:\ecoTrajet\env\Lib\site-packages\django\db\models\query.py", line 384, in __iter__
    self._fetch_all()
    ~~~~~~~~~~~~~~~^^
  File "C:\ecoTrajet\env\Lib\site-packages\django\db\models\query.py", line 1949, in _fetch_all
    self._result_cache = list(self._iterable_class(self))
                         ~~~~^^^^^^^^^^^^^^^^^^^^^^^^^^^^
  File "C:\ecoTrajet\env\Lib\site-packages\django\db\models\query.py", line 91, in __iter__
    results = compiler.execute_sql(
        chunked_fetch=self.chunked_fetch, chunk_size=self.chunk_size
    )
  File "C:\ecoTrajet\env\Lib\site-packages\django\db\models\sql\compiler.py", line 1623, in execute_sql
    cursor.execute(sql, params)
    ~~~~~~~~~~~~~~^^^^^^^^^^^^^
  File "C:\ecoTrajet\env\Lib\site-packages\django\db\backends\utils.py", line 122, in execute
    return super().execute(sql, params)
           ~~~~~~~~~~~~~~~^^^^^^^^^^^^^
  File "C:\ecoTrajet\env\Lib\site-packages\django\db\backends\utils.py", line 79, in execute
    return self._execute_with_wrappers(
           ~~~~~~~~~~~~~~~~~~~~~~~~~~~^
        sql, params, many=False, executor=self._execute
        ^^^^^^^^^^^^^^^^^^^^^^^^^^^^^^^^^^^^^^^^^^^^^^^
    )
    ^
  File "C:\ecoTrajet\env\Lib\site-packages\django\db\backends\utils.py", line 92, in _execute_with_wrappers
    return executor(sql, params, many, context)
  File "C:\ecoTrajet\env\Lib\site-packages\django\db\backends\utils.py", line 100, in _execute
    with self.db.wrap_database_errors:
         ^^^^^^^^^^^^^^^^^^^^^^^^^^^^
  File "C:\ecoTrajet\env\Lib\site-packages\django\db\utils.py", line 91, in __exit__
    raise dj_exc_value.with_traceback(traceback) from exc_value
  File "C:\ecoTrajet\env\Lib\site-packages\django\db\backends\utils.py", line 105, in _execute
    return self.cursor.execute(sql, params)
           ~~~~~~~~~~~~~~~~~~~^^^^^^^^^^^^^
django.db.utils.ProgrammingError: ERREUR:  la colonne api_reservation.status n'existe pas
LINE 1: ...ion"."trip_id", "api_reservation"."place_reserv", "api_reser...
                                                             ^
HINT:  Peut-être que vous souhaitiez référencer la colonne « api_reservation.statut ».

ERROR 2025-07-01 14:54:20,274 basehttp 22788 18348 "GET /trips/ HTTP/1.1" 500 203920
INFO 2025-07-01 14:54:42,267 autoreload 22788 23344 C:\ecoTrajet\EcoTrajet\api\models.py changed, reloading.
INFO 2025-07-01 14:54:42,976 autoreload 19052 18684 Watching for file changes with StatReloader
INFO 2025-07-01 14:55:45,437 autoreload 22696 19228 Watching for file changes with StatReloader
INFO 2025-07-01 15:00:10,594 autoreload 22696 19228 C:\ecoTrajet\EcoTrajet\api\models.py changed, reloading.
INFO 2025-07-01 15:00:11,713 autoreload 11016 3792 Watching for file changes with StatReloader
INFO 2025-07-01 15:00:14,238 autoreload 11016 3792 C:\ecoTrajet\EcoTrajet\api\models.py changed, reloading.
INFO 2025-07-01 15:00:14,842 autoreload 22956 18224 Watching for file changes with StatReloader
INFO 2025-07-01 15:00:17,167 autoreload 22956 18224 C:\ecoTrajet\EcoTrajet\api\models.py changed, reloading.
INFO 2025-07-01 15:00:17,840 autoreload 15836 18752 Watching for file changes with StatReloader
INFO 2025-07-01 15:00:25,461 autoreload 15836 18752 C:\ecoTrajet\EcoTrajet\api\serializers.py changed, reloading.
INFO 2025-07-01 15:00:26,085 autoreload 13388 15432 Watching for file changes with StatReloader
INFO 2025-07-01 15:00:28,499 autoreload 13388 15432 C:\ecoTrajet\EcoTrajet\api\serializers.py changed, reloading.
INFO 2025-07-01 15:00:29,218 autoreload 4352 4932 Watching for file changes with StatReloader
INFO 2025-07-01 15:00:34,860 autoreload 4352 4932 C:\ecoTrajet\EcoTrajet\api\serializers.py changed, reloading.
INFO 2025-07-01 15:00:35,539 autoreload 14628 4016 Watching for file changes with StatReloader
INFO 2025-07-01 15:00:45,348 autoreload 14628 4016 C:\ecoTrajet\EcoTrajet\api\serializers.py changed, reloading.
INFO 2025-07-01 15:00:45,984 autoreload 16600 7076 Watching for file changes with StatReloader
INFO 2025-07-01 15:01:25,965 autoreload 10472 7340 Watching for file changes with StatReloader
INFO 2025-07-01 15:01:28,114 basehttp 10472 23172 "GET / HTTP/1.1" 200 10485
INFO 2025-07-01 15:01:31,722 basehttp 10472 23172 "GET /trips/ HTTP/1.1" 200 18687
INFO 2025-07-01 15:01:31,858 basehttp 10472 23172 "GET /static/rest_framework/fonts/glyphicons-halflings-regular.woff2 HTTP/1.1" 200 18028
INFO 2025-07-01 15:02:31,930 basehttp 10472 22120 "POST /trips/ HTTP/1.1" 201 16208
INFO 2025-07-01 15:02:39,372 basehttp 10472 21224 "GET /trips/ HTTP/1.1" 200 19062
INFO 2025-07-01 15:02:49,932 basehttp 10472 10400 "GET /trips/?ordering=temps_depart HTTP/1.1" 200 19346
INFO 2025-07-01 15:02:54,183 basehttp 10472 10400 "GET /trips/?ordering=-temps_depart HTTP/1.1" 200 19353
INFO 2025-07-01 15:03:02,659 basehttp 10472 23336 "GET /trips/2 HTTP/1.1" 301 0
INFO 2025-07-01 15:03:02,932 basehttp 10472 17484 "GET /trips/2/ HTTP/1.1" 200 17834
INFO 2025-07-01 15:03:14,594 basehttp 10472 20956 "DELETE /trips/2/ HTTP/1.1" 200 16971
INFO 2025-07-01 15:03:18,788 basehttp 10472 20956 "GET /trips HTTP/1.1" 301 0
INFO 2025-07-01 15:03:18,893 basehttp 10472 18972 "GET /trips/ HTTP/1.1" 200 19062
INFO 2025-07-01 15:03:21,980 basehttp 10472 18972 "GET /trips/ HTTP/1.1" 200 19062
INFO 2025-07-01 15:03:31,713 basehttp 10472 18972 "GET /reservations HTTP/1.1" 301 0
INFO 2025-07-01 15:03:31,819 basehttp 10472 9304 "GET /reservations/ HTTP/1.1" 200 18527
INFO 2025-07-01 15:05:56,355 autoreload 23036 23292 Watching for file changes with StatReloader
WARNING 2025-07-01 15:13:50,453 log 11664 20268 Bad Request: /user/token/
WARNING 2025-07-01 15:13:50,553 log 11664 20268 Bad Request: /user/register/
WARNING 2025-07-01 15:13:50,620 log 11664 20268 Bad Request: /user/register/
WARNING 2025-07-01 15:13:50,691 log 11664 20268 Unauthorized: /user/profile/
WARNING 2025-07-01 15:13:50,827 log 11664 20268 Unauthorized: /user/logout/
WARNING 2025-07-01 15:13:50,882 log 11664 20268 Bad Request: /user/verify-email/invalid-uid/some-token/
